manifest-merger-release-report.txt
-- Merging decision tree log ---
manifest
ADDED from AndroidManifest.xml:2:1
	xmlns:android
		ADDED from AndroidManifest.xml:2:11
	package
		ADDED from AndroidManifest.xml:3:5
	android:versionName
		INJECTED from AndroidManifest.xml:0:0
		INJECTED from AndroidManifest.xml:0:0
	android:versionCode
		INJECTED from AndroidManifest.xml:0:0
		INJECTED from AndroidManifest.xml:0:0
uses-permission#android.permission.GET_TASKS
ADDED from AndroidManifest.xml:5:5
	android:name
		ADDED from AndroidManifest.xml:5:22
uses-permission#android.permission.RECEIVE_BOOT_COMPLETED
ADDED from AndroidManifest.xml:6:5
	android:name
		ADDED from AndroidManifest.xml:6:22
uses-permission#android.permission.INTERNET
ADDED from AndroidManifest.xml:7:5
	android:name
		ADDED from AndroidManifest.xml:7:22
uses-permission#android.permission.KILL_BACKGROUND_PROCESSES
ADDED from AndroidManifest.xml:8:5
	android:name
		ADDED from AndroidManifest.xml:8:22
uses-permission#com.google.android.c2dm.permission.RECEIVE
ADDED from AndroidManifest.xml:10:5
	android:name
		ADDED from AndroidManifest.xml:10:22
uses-permission#android.permission.GET_ACCOUNTS
ADDED from AndroidManifest.xml:11:5
	android:name
		ADDED from AndroidManifest.xml:11:22
uses-permission#android.permission.WAKE_LOCK
ADDED from AndroidManifest.xml:12:5
	android:name
		ADDED from AndroidManifest.xml:12:22
uses-permission#com.google.android.c2dm.permission.SEND
ADDED from AndroidManifest.xml:13:5
	android:name
		ADDED from AndroidManifest.xml:13:22
uses-permission#android.permission.USE_CREDENTIALS
ADDED from AndroidManifest.xml:14:5
	android:name
		ADDED from AndroidManifest.xml:14:22
permission#com.blue_stingray.healthy_life_app.gcm.permission.C2D_MESSAGE
ADDED from AndroidManifest.xml:16:5
	android:protectionLevel
		ADDED from AndroidManifest.xml:18:9
	android:name
		ADDED from AndroidManifest.xml:17:9
supports-screens
ADDED from AndroidManifest.xml:20:5
	android:smallScreens
		ADDED from AndroidManifest.xml:20:23
application
ADDED from AndroidManifest.xml:22:5
MERGED from com.android.support:appcompat-v7:21.0.0:16:5
MERGED from com.android.support:support-v4:21.0.0:16:5
MERGED from com.google.android.gms:play-services-base:6.5.87:20:5
MERGED from com.android.support:support-v4:21.0.0:16:5
MERGED from com.google.android.gms:play-services-identity:6.5.87:19:5
MERGED from com.google.android.gms:play-services-base:6.5.87:20:5
MERGED from com.android.support:support-v4:21.0.0:16:5
MERGED from com.google.android.gms:play-services-plus:6.5.87:19:5
MERGED from com.google.android.gms:play-services-base:6.5.87:20:5
MERGED from com.android.support:support-v4:21.0.0:16:5
MERGED from com.github.blackfizz:eazegraph:1.1.14-SNAPSHOT:11:5
MERGED from com.facebook.android:facebook-android-sdk:3.21.1:24:5
	android:label
		ADDED from AndroidManifest.xml:27:9
	android:allowBackup
		ADDED from AndroidManifest.xml:24:9
	android:icon
		ADDED from AndroidManifest.xml:25:9
	android:theme
		ADDED from AndroidManifest.xml:28:9
	android:name
		ADDED from AndroidManifest.xml:23:9
	android:logo
		ADDED from AndroidManifest.xml:26:9
meta-data#com.google.android.gms.version
ADDED from AndroidManifest.xml:29:9
MERGED from com.google.android.gms:play-services-base:6.5.87:21:9
MERGED from com.google.android.gms:play-services-base:6.5.87:21:9
MERGED from com.google.android.gms:play-services-base:6.5.87:21:9
	android:name
		ADDED from AndroidManifest.xml:30:13
	android:value
		ADDED from AndroidManifest.xml:31:13
meta-data#roboguice.annotations.packages
ADDED from AndroidManifest.xml:32:9
	android:name
		ADDED from AndroidManifest.xml:33:13
	android:value
		ADDED from AndroidManifest.xml:34:13
meta-data#com.facebook.sdk.ApplicationId
ADDED from AndroidManifest.xml:35:9
	android:name
		ADDED from AndroidManifest.xml:36:13
	android:value
		ADDED from AndroidManifest.xml:37:13
activity#com.blue_stingray.healthy_life_app.ui.activity.StartActivity
ADDED from AndroidManifest.xml:39:9
	android:theme
		ADDED from AndroidManifest.xml:41:13
	android:name
		ADDED from AndroidManifest.xml:40:13
intent-filter#android.intent.action.MAIN+android.intent.category.LAUNCHER
ADDED from AndroidManifest.xml:42:13
action#android.intent.action.MAIN
ADDED from AndroidManifest.xml:43:17
	android:name
		ADDED from AndroidManifest.xml:43:25
category#android.intent.category.LAUNCHER
ADDED from AndroidManifest.xml:45:17
	android:name
		ADDED from AndroidManifest.xml:45:27
activity#com.blue_stingray.healthy_life_app.ui.activity.MainActivity
ADDED from AndroidManifest.xml:48:9
	android:label
		ADDED from AndroidManifest.xml:50:13
	android:name
		ADDED from AndroidManifest.xml:49:13
activity#com.blue_stingray.healthy_life_app.ui.activity.AdminRemovalActivity
ADDED from AndroidManifest.xml:51:9
	android:label
		ADDED from AndroidManifest.xml:53:13
	android:name
		ADDED from AndroidManifest.xml:52:13
activity#com.blue_stingray.healthy_life_app.ui.activity.LoginActivity
ADDED from AndroidManifest.xml:54:9
	android:screenOrientation
		ADDED from AndroidManifest.xml:56:13
	android:theme
		ADDED from AndroidManifest.xml:57:13
	android:name
		ADDED from AndroidManifest.xml:55:13
activity#com.blue_stingray.healthy_life_app.ui.activity.RegistrationActivity
ADDED from AndroidManifest.xml:58:9
	android:screenOrientation
		ADDED from AndroidManifest.xml:60:13
	android:theme
		ADDED from AndroidManifest.xml:61:13
	android:name
		ADDED from AndroidManifest.xml:59:13
activity#com.blue_stingray.healthy_life_app.ui.activity.SocialConnectActivity
ADDED from AndroidManifest.xml:62:9
	android:screenOrientation
		ADDED from AndroidManifest.xml:64:13
	android:theme
		ADDED from AndroidManifest.xml:65:13
	android:name
		ADDED from AndroidManifest.xml:63:13
activity#com.blue_stingray.healthy_life_app.ui.activity.BlockerActivity
ADDED from AndroidManifest.xml:66:9
	android:screenOrientation
		ADDED from AndroidManifest.xml:68:13
	android:theme
		ADDED from AndroidManifest.xml:69:13
	android:name
		ADDED from AndroidManifest.xml:67:13
activity#com.blue_stingray.healthy_life_app.ui.activity.AlertActivity
ADDED from AndroidManifest.xml:70:9
	android:screenOrientation
		ADDED from AndroidManifest.xml:72:13
	android:theme
		ADDED from AndroidManifest.xml:73:13
	android:name
		ADDED from AndroidManifest.xml:71:13
activity#com.facebook.LoginActivity
ADDED from AndroidManifest.xml:74:9
	android:label
		ADDED from AndroidManifest.xml:77:13
	android:theme
		ADDED from AndroidManifest.xml:76:13
	android:name
		ADDED from AndroidManifest.xml:75:13
activity#com.blue_stingray.healthy_life_app.ui.activity.GoogleLoginActivity
ADDED from AndroidManifest.xml:78:9
	android:screenOrientation
		ADDED from AndroidManifest.xml:80:13
	android:theme
		ADDED from AndroidManifest.xml:81:13
	android:name
		ADDED from AndroidManifest.xml:79:13
receiver#com.blue_stingray.healthy_life_app.receiver.BootCompleteReceiver
ADDED from AndroidManifest.xml:83:9
	android:name
		ADDED from AndroidManifest.xml:83:19
intent-filter#android.intent.action.BOOT_COMPLETED+android.intent.action.QUICKBOOT_POWERON+com.htc.intent.action.QUICKBOOT_POWERON
ADDED from AndroidManifest.xml:84:13
action#android.intent.action.BOOT_COMPLETED
ADDED from AndroidManifest.xml:85:17
	android:name
		ADDED from AndroidManifest.xml:85:25
action#android.intent.action.QUICKBOOT_POWERON
ADDED from AndroidManifest.xml:86:17
	android:name
		ADDED from AndroidManifest.xml:86:25
action#com.htc.intent.action.QUICKBOOT_POWERON
ADDED from AndroidManifest.xml:87:17
	android:name
		ADDED from AndroidManifest.xml:87:25
receiver#com.blue_stingray.healthy_life_app.receiver.UninstallBlockingAdminReceiver
ADDED from AndroidManifest.xml:90:9
	android:label
		ADDED from AndroidManifest.xml:93:13
	android:description
		ADDED from AndroidManifest.xml:92:13
	android:permission
		ADDED from AndroidManifest.xml:94:13
	android:name
		ADDED from AndroidManifest.xml:91:13
meta-data#android.app.device_admin
ADDED from AndroidManifest.xml:95:13
	android:resource
		ADDED from AndroidManifest.xml:97:17
	android:name
		ADDED from AndroidManifest.xml:96:17
intent-filter#android.app.action.DEVICE_ADMIN_ENABLED
ADDED from AndroidManifest.xml:99:13
action#android.app.action.DEVICE_ADMIN_ENABLED
ADDED from AndroidManifest.xml:100:17
	android:name
		ADDED from AndroidManifest.xml:100:25
receiver#com.blue_stingray.healthy_life_app.receiver.GcmBroadcastReceiver
ADDED from AndroidManifest.xml:103:9
	android:permission
		ADDED from AndroidManifest.xml:105:13
	android:name
		ADDED from AndroidManifest.xml:104:13
intent-filter#com.blue_stingray.healthy_life_app.gcm+com.google.android.c2dm.intent.RECEIVE
ADDED from AndroidManifest.xml:106:13
action#com.google.android.c2dm.intent.RECEIVE
ADDED from AndroidManifest.xml:107:17
	android:name
		ADDED from AndroidManifest.xml:107:25
category#com.blue_stingray.healthy_life_app.gcm
ADDED from AndroidManifest.xml:108:17
	android:name
		ADDED from AndroidManifest.xml:108:27
service#com.blue_stingray.healthy_life_app.service.GcmIntentService
ADDED from AndroidManifest.xml:112:9
	android:name
		ADDED from AndroidManifest.xml:112:18
service#com.blue_stingray.healthy_life_app.service.ApplicationDetectionService
ADDED from AndroidManifest.xml:114:9
	android:name
		ADDED from AndroidManifest.xml:114:18
service#com.blue_stingray.healthy_life_app.service.ApplicationLoggingService
ADDED from AndroidManifest.xml:116:9
	android:name
		ADDED from AndroidManifest.xml:116:18
service#com.blue_stingray.healthy_life_app.service.ApplicationBlockerService
ADDED from AndroidManifest.xml:118:9
	android:name
		ADDED from AndroidManifest.xml:118:18
activity#com.blue_stingray.healthy_life_app.ui.activity.PostLoginActivity
ADDED from AndroidManifest.xml:121:9
	android:label
		ADDED from AndroidManifest.xml:123:13
	android:name
		ADDED from AndroidManifest.xml:122:13
uses-sdk
INJECTED from AndroidManifest.xml:0:0 reason: use-sdk injection requested
MERGED from com.android.support:appcompat-v7:21.0.0:15:5
MERGED from com.android.support:support-v4:21.0.0:15:5
MERGED from com.google.android.gms:play-services-base:6.5.87:18:5
MERGED from com.android.support:support-v4:21.0.0:15:5
MERGED from com.google.android.gms:play-services-identity:6.5.87:18:5
MERGED from com.google.android.gms:play-services-base:6.5.87:18:5
MERGED from com.android.support:support-v4:21.0.0:15:5
MERGED from com.google.android.gms:play-services-plus:6.5.87:18:5
MERGED from com.google.android.gms:play-services-base:6.5.87:18:5
MERGED from com.android.support:support-v4:21.0.0:15:5
MERGED from com.github.blackfizz:eazegraph:1.1.14-SNAPSHOT:7:5
MERGED from com.facebook.android:facebook-android-sdk:3.21.1:20:5
MERGED from com.akexorcist:RoundCornerProgressBar:1.0.0:22:5
	android:targetSdkVersion
		INJECTED from AndroidManifest.xml:0:0
		INJECTED from AndroidManifest.xml:0:0
	android:minSdkVersion
		INJECTED from AndroidManifest.xml:0:0
		INJECTED from AndroidManifest.xml:0:0